{
  "stats": {
    "suites": 1,
    "tests": 4,
    "passes": 4,
    "pending": 0,
    "failures": 0,
    "start": "2025-03-21T04:51:46.865Z",
    "end": "2025-03-21T04:51:56.193Z",
    "duration": 9328,
    "testsRegistered": 4,
    "passPercent": 100,
    "pendingPercent": 0,
    "other": 0,
    "hasOther": false,
    "skipped": 0,
    "hasSkipped": false
  },
  "results": [
    {
      "uuid": "76f07d52-5c9b-4d4b-9ae9-0fe4b7ed82a3",
      "title": "",
      "fullFile": "cypress\\e2e\\loginBasico.spec.js",
      "file": "cypress\\e2e\\loginBasico.spec.js",
      "beforeHooks": [],
      "afterHooks": [],
      "tests": [],
      "suites": [
        {
          "uuid": "93c2face-fab2-4d78-bb56-1c0a8f2ea89f",
          "title": "Teste de Login",
          "fullFile": "",
          "file": "",
          "beforeHooks": [],
          "afterHooks": [],
          "tests": [
            {
              "title": "Deve realizar um login válido",
              "fullTitle": "Teste de Login Deve realizar um login válido",
              "timedOut": null,
              "duration": 3436,
              "state": "passed",
              "speed": "fast",
              "pass": true,
              "fail": false,
              "pending": false,
              "context": null,
              "code": "const email = \"thiago.arica@outlook.com\";\nconst password = \"123456\";\ncy.screenshot('01-acessando-pagina-login');\ncy.get('#user').type(email);\ncy.screenshot('02-preenchendo-email');\ncy.get('#password').type(password);\ncy.screenshot('03-preenchendo-senha');\ncy.get('#btnLogin').click();\ncy.screenshot('04-clicando-botao');\ncy.get('.swal2-container').should('be.visible');\ncy.get('.swal2-title').should('have.text', 'Login realizado');\ncy.url().should('eq', 'https://automationpratice.com.br/my-account');",
              "err": {},
              "uuid": "0187cf71-a85b-4285-9e9f-6f24bff2e298",
              "parentUUID": "93c2face-fab2-4d78-bb56-1c0a8f2ea89f",
              "isHook": false,
              "skipped": false
            },
            {
              "title": "Não deve permitir login sem e-mail",
              "fullTitle": "Teste de Login Não deve permitir login sem e-mail",
              "timedOut": null,
              "duration": 1993,
              "state": "passed",
              "speed": "fast",
              "pass": true,
              "fail": false,
              "pending": false,
              "context": null,
              "code": "const password = \"123456\";\ncy.get('#password').type(password);\ncy.screenshot('02-preenchendo-senha');\ncy.get('#btnLogin').click();\ncy.screenshot('03-clicando-botao');\ncy.get('.invalid_input').should('be.visible').and('contain', 'E-mail inválido.');",
              "err": {},
              "uuid": "4fe25160-30b7-499b-8837-09137685817c",
              "parentUUID": "93c2face-fab2-4d78-bb56-1c0a8f2ea89f",
              "isHook": false,
              "skipped": false
            },
            {
              "title": "Não deve permitir login sem senha",
              "fullTitle": "Teste de Login Não deve permitir login sem senha",
              "timedOut": null,
              "duration": 2185,
              "state": "passed",
              "speed": "fast",
              "pass": true,
              "fail": false,
              "pending": false,
              "context": null,
              "code": "const email = \"thiago.arica@outlook.com\";\ncy.get('#user').type(email);\ncy.screenshot('02-preenchendo-email');\ncy.get('#btnLogin').click();\ncy.screenshot('03-clicando-botao');\ncy.get('.invalid_input').should('be.visible').and('contain', 'Senha inválida.');",
              "err": {},
              "uuid": "98fdbe5b-89cb-49e4-85ca-d0fff2d88820",
              "parentUUID": "93c2face-fab2-4d78-bb56-1c0a8f2ea89f",
              "isHook": false,
              "skipped": false
            },
            {
              "title": "Não deve permitir login com credenciais inválidas",
              "fullTitle": "Teste de Login Não deve permitir login com credenciais inválidas",
              "timedOut": null,
              "duration": 1099,
              "state": "passed",
              "speed": "fast",
              "pass": true,
              "fail": false,
              "pending": false,
              "context": null,
              "code": "cy.get('#btnLogin').click();\ncy.screenshot('04-clicando-botao');\ncy.get('.invalid_input').should('have.text', 'E-mail inválido.');",
              "err": {},
              "uuid": "cfe0c6d9-af5f-45db-9040-29d556e4e93e",
              "parentUUID": "93c2face-fab2-4d78-bb56-1c0a8f2ea89f",
              "isHook": false,
              "skipped": false
            }
          ],
          "suites": [],
          "passes": [
            "0187cf71-a85b-4285-9e9f-6f24bff2e298",
            "4fe25160-30b7-499b-8837-09137685817c",
            "98fdbe5b-89cb-49e4-85ca-d0fff2d88820",
            "cfe0c6d9-af5f-45db-9040-29d556e4e93e"
          ],
          "failures": [],
          "pending": [],
          "skipped": [],
          "duration": 8713,
          "root": false,
          "rootEmpty": false,
          "_timeout": 2000
        }
      ],
      "passes": [],
      "failures": [],
      "pending": [],
      "skipped": [],
      "duration": 0,
      "root": true,
      "rootEmpty": true,
      "_timeout": 2000
    }
  ],
  "meta": {
    "mocha": {
      "version": "7.0.1"
    },
    "mochawesome": {
      "options": {
        "quiet": false,
        "reportFilename": "mochawesome",
        "saveHtml": true,
        "saveJson": true,
        "consoleReporter": "spec",
        "useInlineDiffs": false,
        "code": true
      },
      "version": "7.1.3"
    },
    "marge": {
      "options": null,
      "version": "6.2.0"
    }
  }
}